10:46:01.411 logback [main] INFO  c.e.s.SpringBootLogbackApplication - Starting SpringBootLogbackApplication using Java 1.8.0_202 on DESKTOP-LQRB9AP with PID 15180 (D:\work_space\Java_project\spring_boot\Spring_Boot_logback\target\classes started by waiter in D:\work_space\Java_project\spring_boot\Spring_Boot_logback)
10:46:01.412 logback [main] INFO  c.e.s.SpringBootLogbackApplication - The following 1 profile is active: "dev"
10:46:01.824 logback [main] INFO  o.s.b.w.e.tomcat.TomcatWebServer - Tomcat initialized with port(s): 8080 (http)
10:46:01.828 logback [main] INFO  o.a.coyote.http11.Http11NioProtocol - Initializing ProtocolHandler ["http-nio-8080"]
10:46:01.828 logback [main] INFO  o.a.catalina.core.StandardService - Starting service [Tomcat]
10:46:01.828 logback [main] INFO  o.a.catalina.core.StandardEngine - Starting Servlet engine: [Apache Tomcat/9.0.63]
10:46:01.889 logback [main] INFO  o.a.c.c.C.[Tomcat].[localhost].[/] - Initializing Spring embedded WebApplicationContext
10:46:01.889 logback [main] INFO  o.s.b.w.s.c.ServletWebServerApplicationContext - Root WebApplicationContext: initialization completed in 456 ms
10:46:02.043 logback [main] INFO  o.a.coyote.http11.Http11NioProtocol - Starting ProtocolHandler ["http-nio-8080"]
10:46:02.051 logback [main] INFO  o.s.b.w.e.tomcat.TomcatWebServer - Tomcat started on port(s): 8080 (http) with context path ''
10:46:02.058 logback [main] INFO  c.e.s.SpringBootLogbackApplication - Started SpringBootLogbackApplication in 0.902 seconds (JVM running for 1.208)
10:46:20.530 logback [main] INFO  c.e.s.SpringBootLogbackApplication - Starting SpringBootLogbackApplication using Java 1.8.0_202 on DESKTOP-LQRB9AP with PID 14492 (D:\work_space\Java_project\spring_boot\Spring_Boot_logback\target\classes started by waiter in D:\work_space\Java_project\spring_boot\Spring_Boot_logback)
10:46:20.532 logback [main] INFO  c.e.s.SpringBootLogbackApplication - No active profile set, falling back to 1 default profile: "default"
10:46:20.939 logback [main] INFO  o.s.b.w.e.tomcat.TomcatWebServer - Tomcat initialized with port(s): 8080 (http)
10:46:20.943 logback [main] INFO  o.a.coyote.http11.Http11NioProtocol - Initializing ProtocolHandler ["http-nio-8080"]
10:46:20.943 logback [main] INFO  o.a.catalina.core.StandardService - Starting service [Tomcat]
10:46:20.943 logback [main] INFO  o.a.catalina.core.StandardEngine - Starting Servlet engine: [Apache Tomcat/9.0.63]
10:46:21.000 logback [main] INFO  o.a.c.c.C.[Tomcat].[localhost].[/] - Initializing Spring embedded WebApplicationContext
10:46:21.000 logback [main] INFO  o.s.b.w.s.c.ServletWebServerApplicationContext - Root WebApplicationContext: initialization completed in 445 ms
10:46:21.163 logback [main] INFO  o.a.coyote.http11.Http11NioProtocol - Starting ProtocolHandler ["http-nio-8080"]
10:46:21.173 logback [main] INFO  o.s.b.w.e.tomcat.TomcatWebServer - Tomcat started on port(s): 8080 (http) with context path ''
10:46:21.178 logback [main] INFO  c.e.s.SpringBootLogbackApplication - Started SpringBootLogbackApplication in 0.882 seconds (JVM running for 1.213)
10:47:38.146 logback [http-nio-8080-exec-1] INFO  o.a.c.c.C.[Tomcat].[localhost].[/] - Initializing Spring DispatcherServlet 'dispatcherServlet'
10:47:38.146 logback [http-nio-8080-exec-1] INFO  o.s.web.servlet.DispatcherServlet - Initializing Servlet 'dispatcherServlet'
10:47:38.147 logback [http-nio-8080-exec-1] INFO  o.s.web.servlet.DispatcherServlet - Completed initialization in 1 ms
10:47:38.162 logback [http-nio-8080-exec-1] INFO  c.e.s.controller.LearnController - 日志输出 info
10:47:38.163 logback [http-nio-8080-exec-1] WARN  c.e.s.controller.LearnController - 日志输出 warn
10:47:38.163 logback [http-nio-8080-exec-1] ERROR c.e.s.controller.LearnController - 日志输出 error
